# JRE version: Java(TM) SE Runtime Environment (8.0_31-b13) (build 1.8.0_31-b13)
# Java VM: Java HotSpot(TM) 64-Bit Server VM (25.31-b07 mixed mode linux-amd64 compressed oops)
Heap:
 PSYoungGen      total 208896K, used 169595K [0x00000000f0600000, 0x0000000100000000, 0x0000000100000000)
  eden space 167936K, 100% used [0x00000000f0600000,0x00000000faa00000,0x00000000faa00000)
  from space 40960K, 4% used [0x00000000faa00000,0x00000000fab9ef50,0x00000000fd200000)
  to   space 41472K, 2% used [0x00000000fd780000,0x00000000fd894870,0x0000000100000000)
 ParOldGen       total 228864K, used 100373K [0x00000000d1200000, 0x00000000df180000, 0x00000000f0600000)
  object space 228864K, 43% used [0x00000000d1200000,0x00000000d74057c8,0x00000000df180000)
 Metaspace       used 95903K, capacity 98118K, committed 98304K, reserved 1132544K
  class space    used 13876K, capacity 14502K, committed 14592K, reserved 1048576K
GC Heap History (10 events):
Event: 694,771 GC heap after
Heap after GC invocations=21 (full 3):
 PSYoungGen      total 192512K, used 26605K [0x00000000f0600000, 0x0000000100000000, 0x0000000100000000)
  eden space 165888K, 0% used [0x00000000f0600000,0x00000000f0600000,0x00000000fa800000)
  from space 26624K, 99% used [0x00000000fe600000,0x00000000ffffb6f0,0x0000000100000000)
  to   space 45056K, 0% used [0x00000000fa800000,0x00000000fa800000,0x00000000fd400000)
 ParOldGen       total 133120K, used 118529K [0x00000000d1200000, 0x00000000d9400000, 0x00000000f0600000)
  object space 133120K, 89% used [0x00000000d1200000,0x00000000d85c05b8,0x00000000d9400000)
 Metaspace       used 85855K, capacity 87752K, committed 88192K, reserved 1124352K
  class space    used 12774K, capacity 13315K, committed 13440K, reserved 1048576K
}
Event: 694,771 GC heap before
{Heap before GC invocations=22 (full 4):
 PSYoungGen      total 192512K, used 26605K [0x00000000f0600000, 0x0000000100000000, 0x0000000100000000)
  eden space 165888K, 0% used [0x00000000f0600000,0x00000000f0600000,0x00000000fa800000)
  from space 26624K, 99% used [0x00000000fe600000,0x00000000ffffb6f0,0x0000000100000000)
  to   space 45056K, 0% used [0x00000000fa800000,0x00000000fa800000,0x00000000fd400000)
 ParOldGen       total 133120K, used 118529K [0x00000000d1200000, 0x00000000d9400000, 0x00000000f0600000)
  object space 133120K, 89% used [0x00000000d1200000,0x00000000d85c05b8,0x00000000d9400000)
 Metaspace       used 85855K, capacity 87752K, committed 88192K, reserved 1124352K
  class space    used 12774K, capacity 13315K, committed 13440K, reserved 1048576K
Event: 695,291 GC heap after
Heap after GC invocations=22 (full 4):
 PSYoungGen      total 192512K, used 0K [0x00000000f0600000, 0x0000000100000000, 0x0000000100000000)
  eden space 165888K, 0% used [0x00000000f0600000,0x00000000f0600000,0x00000000fa800000)
  from space 26624K, 0% used [0x00000000fe600000,0x00000000fe600000,0x0000000100000000)
  to   space 45056K, 0% used [0x00000000fa800000,0x00000000fa800000,0x00000000fd400000)
 ParOldGen       total 228864K, used 91182K [0x00000000d1200000, 0x00000000df180000, 0x00000000f0600000)
  object space 228864K, 39% used [0x00000000d1200000,0x00000000d6b0ba50,0x00000000df180000)
 Metaspace       used 85855K, capacity 87752K, committed 88192K, reserved 1124352K
  class space    used 12774K, capacity 13315K, committed 13440K, reserved 1048576K
}
Event: 890,563 GC heap before
{Heap before GC invocations=23 (full 4):
 PSYoungGen      total 192512K, used 165888K [0x00000000f0600000, 0x0000000100000000, 0x0000000100000000)
  eden space 165888K, 100% used [0x00000000f0600000,0x00000000fa800000,0x00000000fa800000)
  from space 26624K, 0% used [0x00000000fe600000,0x00000000fe600000,0x0000000100000000)
  to   space 45056K, 0% used [0x00000000fa800000,0x00000000fa800000,0x00000000fd400000)
 ParOldGen       total 228864K, used 91182K [0x00000000d1200000, 0x00000000df180000, 0x00000000f0600000)
  object space 228864K, 39% used [0x00000000d1200000,0x00000000d6b0ba50,0x00000000df180000)
 Metaspace       used 91606K, capacity 93656K, committed 93952K, reserved 1128448K
  class space    used 13424K, capacity 14057K, committed 14080K, reserved 1048576K
Event: 890,585 GC heap after
Heap after GC invocations=23 (full 4):
 PSYoungGen      total 210944K, used 13053K [0x00000000f0600000, 0x0000000100000000, 0x0000000100000000)
  eden space 165888K, 0% used [0x00000000f0600000,0x00000000f0600000,0x00000000fa800000)
  from space 45056K, 28% used [0x00000000fa800000,0x00000000fb4bf4f8,0x00000000fd400000)
  to   space 43008K, 0% used [0x00000000fd600000,0x00000000fd600000,0x0000000100000000)
 ParOldGen       total 228864K, used 91190K [0x00000000d1200000, 0x00000000df180000, 0x00000000f0600000)
  object space 228864K, 39% used [0x00000000d1200000,0x00000000d6b0da50,0x00000000df180000)
 Metaspace       used 91606K, capacity 93656K, committed 93952K, reserved 1128448K
  class space    used 13424K, capacity 14057K, committed 14080K, reserved 1048576K
}
Event: 988,594 GC heap before
{Heap before GC invocations=24 (full 4):
 PSYoungGen      total 210944K, used 178941K [0x00000000f0600000, 0x0000000100000000, 0x0000000100000000)
  eden space 165888K, 100% used [0x00000000f0600000,0x00000000fa800000,0x00000000fa800000)
  from space 45056K, 28% used [0x00000000fa800000,0x00000000fb4bf4f8,0x00000000fd400000)
  to   space 43008K, 0% used [0x00000000fd600000,0x00000000fd600000,0x0000000100000000)
 ParOldGen       total 228864K, used 91190K [0x00000000d1200000, 0x00000000df180000, 0x00000000f0600000)
  object space 228864K, 39% used [0x00000000d1200000,0x00000000d6b0da50,0x00000000df180000)
 Metaspace       used 94719K, capacity 96894K, committed 97024K, reserved 1132544K
  class space    used 13815K, capacity 14490K, committed 14592K, reserved 1048576K
Event: 988,637 GC heap after
Heap after GC invocations=24 (full 4):
 PSYoungGen      total 204800K, used 14840K [0x00000000f0600000, 0x00000000ffa00000, 0x0000000100000000)
  eden space 167936K, 0% used [0x00000000f0600000,0x00000000f0600000,0x00000000faa00000)
  from space 36864K, 40% used [0x00000000fd600000,0x00000000fe47e2d0,0x00000000ffa00000)
  to   space 40960K, 0% used [0x00000000faa00000,0x00000000faa00000,0x00000000fd200000)
 ParOldGen       total 228864K, used 97926K [0x00000000d1200000, 0x00000000df180000, 0x00000000f0600000)
  object space 228864K, 42% used [0x00000000d1200000,0x00000000d71a18c0,0x00000000df180000)
 Metaspace       used 94719K, capacity 96894K, committed 97024K, reserved 1132544K
  class space    used 13815K, capacity 14490K, committed 14592K, reserved 1048576K
}
Event: 1026,580 GC heap before
{Heap before GC invocations=25 (full 4):
 PSYoungGen      total 204800K, used 182776K [0x00000000f0600000, 0x00000000ffa00000, 0x0000000100000000)
  eden space 167936K, 100% used [0x00000000f0600000,0x00000000faa00000,0x00000000faa00000)
  from space 36864K, 40% used [0x00000000fd600000,0x00000000fe47e2d0,0x00000000ffa00000)
  to   space 40960K, 0% used [0x00000000faa00000,0x00000000faa00000,0x00000000fd200000)
 ParOldGen       total 228864K, used 97926K [0x00000000d1200000, 0x00000000df180000, 0x00000000f0600000)
  object space 228864K, 42% used [0x00000000d1200000,0x00000000d71a18c0,0x00000000df180000)
 Metaspace       used 95687K, capacity 97884K, committed 98048K, reserved 1132544K
  class space    used 13872K, capacity 14495K, committed 14592K, reserved 1048576K
Event: 1026,593 GC heap after
Heap after GC invocations=25 (full 4):
 PSYoungGen      total 208896K, used 1659K [0x00000000f0600000, 0x0000000100000000, 0x0000000100000000)
  eden space 167936K, 0% used [0x00000000f0600000,0x00000000f0600000,0x00000000faa00000)
  from space 40960K, 4% used [0x00000000faa00000,0x00000000fab9ef50,0x00000000fd200000)
  to   space 41472K, 0% used [0x00000000fd780000,0x00000000fd780000,0x0000000100000000)
 ParOldGen       total 228864K, used 100365K [0x00000000d1200000, 0x00000000df180000, 0x00000000f0600000)
  object space 228864K, 43% used [0x00000000d1200000,0x00000000d74037c8,0x00000000df180000)
 Metaspace       used 95687K, capacity 97884K, committed 98048K, reserved 1132544K
  class space    used 13872K, capacity 14495K, committed 14592K, reserved 1048576K
}
Event: 9112,368 GC heap before
{Heap before GC invocations=26 (full 4):
 PSYoungGen      total 208896K, used 169595K [0x00000000f0600000, 0x0000000100000000, 0x0000000100000000)
  eden space 167936K, 100% used [0x00000000f0600000,0x00000000faa00000,0x00000000faa00000)
  from space 40960K, 4% used [0x00000000faa00000,0x00000000fab9ef50,0x00000000fd200000)
  to   space 41472K, 0% used [0x00000000fd780000,0x00000000fd780000,0x0000000100000000)
 ParOldGen       total 228864K, used 100365K [0x00000000d1200000, 0x00000000df180000, 0x00000000f0600000)
  object space 228864K, 43% used [0x00000000d1200000,0x00000000d74037c8,0x00000000df180000)
 Metaspace       used 95903K, capacity 98118K, committed 98304K, reserved 1132544K
  class space    used 13876K, capacity 14502K, committed 14592K, reserved 1048576K

